<?xml version="1.0" encoding="UTF-8"?>
<robot generator="Robot 3.0.4 (Python 3.6.5 on linux)" generated="20180718 22:19:59.594">
<suite id="s1" name="Test" source="/home/ruslan/PycharmProjects/Test_Assignment/Tests/test.robot">
<test id="s1-t1" name="Landing Page Is Loaded">
<kw name="Begin Web Test" library="Common" type="setup">
<kw name="Open Browser" library="Selenium2Library">
<doc>Opens a new browser instance to the given ``url``.</doc>
<arguments>
<arg>about:blank</arg>
<arg>chrome</arg>
</arguments>
<msg timestamp="20180718 22:19:59.739" level="INFO">Opening browser 'chrome' to base url 'about:blank'.</msg>
<kw name="Capture Page Screenshot" library="Selenium2Library">
<doc>Takes screenshot of the current page and embeds it into log file.</doc>
<msg timestamp="20180718 22:19:59.748" level="INFO">Cannot capture screenshot because no browser is open.</msg>
<status status="PASS" starttime="20180718 22:19:59.747" endtime="20180718 22:19:59.748"></status>
</kw>
<msg timestamp="20180718 22:19:59.749" level="FAIL">WebDriverException: Message: 'chromedriver' executable needs to be in PATH. Please see https://sites.google.com/a/chromium.org/chromedriver/home
</msg>
<status status="FAIL" starttime="20180718 22:19:59.739" endtime="20180718 22:19:59.749"></status>
</kw>
<status status="FAIL" starttime="20180718 22:19:59.738" endtime="20180718 22:19:59.750"></status>
</kw>
<kw name="End Web Test" library="Common" type="teardown">
<kw name="Close Browser" library="Selenium2Library">
<doc>Closes the current browser.</doc>
<status status="PASS" starttime="20180718 22:19:59.751" endtime="20180718 22:19:59.751"></status>
</kw>
<status status="PASS" starttime="20180718 22:19:59.750" endtime="20180718 22:19:59.751"></status>
</kw>
<doc>This is some basic information</doc>
<tags>
<tag>Smoke</tag>
</tags>
<status status="FAIL" starttime="20180718 22:19:59.737" endtime="20180718 22:19:59.751" critical="yes">Setup failed:
WebDriverException: Message: 'chromedriver' executable needs to be in PATH. Please see https://sites.google.com/a/chromium.org/chromedriver/home
</status>
</test>
<status status="FAIL" starttime="20180718 22:19:59.595" endtime="20180718 22:19:59.753"></status>
</suite>
<statistics>
<total>
<stat pass="0" fail="1">Critical Tests</stat>
<stat pass="0" fail="1">All Tests</stat>
</total>
<tag>
<stat pass="0" fail="1">Smoke</stat>
</tag>
<suite>
<stat pass="0" fail="1" id="s1" name="Test">Test</stat>
</suite>
</statistics>
<errors>
<msg timestamp="20180718 22:19:59.732" level="ERROR">Error in file '/home/ruslan/PycharmProjects/Test_Assignment/Resources/Common.robot': Non-existing setting 'Test Setup'.</msg>
</errors>
</robot>
